           1           1   3202572502842.6929       -3202558929354.9399        13573487.752929688        6405131432197.6328     
           1           2   13668214266461.773       -13668406906998.846       -192640537.07226562        27336621173460.617     
           2           1   3202572502855.1797       -3.9159403276531510E+023  -3.9159403276211253E+023   3.9159403276851767E+023
           2           2   13668214266515.123       -8.8559780615952776E+023  -8.8559780614585957E+023   8.8559780617319596E+023
           3           1   3202572502867.6665        3.1327522619254001E+024   3.1327522619286025E+024  -3.1327522619221976E+024
           3           2   13668214266568.473        7.0847824494105193E+024   7.0847824494241880E+024  -7.0847824493968506E+024
           4           1   3202572502880.1533       -1.4097385318881797E+025  -1.4097385318878595E+025   1.4097385318884999E+025
           4           2   13668214266621.822       -3.1881521013927547E+025  -3.1881521013913880E+025   3.1881521013941213E+025
           5           1   94812367683806.516       -1200983875095.5413        93611383808710.969        96013351558902.062     
           5           2   221064572932495.91       -5125884088681.0771        215938688843814.84        226190457021176.97     
           6           1   94812367723190.859        1200983595983.5823        96013351319174.438        93611384127207.281     
           6           2   221064572872289.25        5125884126172.9131        226190456998462.16        215938688746116.34     
           7           1   3202605478554.8501        1.4097379971592057E+025   1.4097379971595259E+025  -1.4097379971588855E+025
           7           2   13668212006192.014        3.1881521366828556E+025   3.1881521366842222E+025  -3.1881521366814889E+025
           8           1   3202605478542.3633       -3.1327511359498143E+024  -3.1327511359466119E+024   3.1327511359530167E+024
           8           2   13668212006138.662       -7.0847825240572721E+024  -7.0847825240436034E+024   7.0847825240709408E+024
           9           1   3202605478529.8765        3.9159389197627895E+023   3.9159389197948159E+023  -3.9159389197307632E+023
           9           2   13668212006085.311        8.8559781555464404E+023   8.8559781556831223E+023  -8.8559781554097584E+023
          10           1   3202605478517.3896        3202558929354.9399        6405164407872.3301        46549162.449707031     
          10           2   13668212006031.959        13668907306299.852        27337119312331.812       -695300267.89257812     
