           1           1   141653738.47776550       -141654014.58736593       -276.10960042476654        283307753.06513143     
           2           1   141653738.47865084       -141654014.58736593       -276.10871508717537        283307753.06601679     
           3           1   141653738.47953618       -141654014.58736593       -276.10782974958420        283307753.06690210     
           4           1   141653738.48042151       -141654014.58736593       -276.10694441199303        283307753.06778741     
           5           1   141653738.48130685       -141654014.58736593       -276.10605907440186        283307753.06867278     
           6           1   141653738.48219219       -141654014.58736593       -276.10517373681068        283307753.06955814     
           7           1   141653738.48307753       -141654014.58736593       -276.10428839921951        283307753.07044345     
           8           1   141653738.48396286       -141654014.58736593       -276.10340306162834        283307753.07132876     
           9           1   141653738.48484820       -141654014.58736593       -276.10251772403717        283307753.07221413     
          10           1   141653738.48573354       -141654014.58736593       -276.10163238644600        283307753.07309949     
          11           1   141653738.48661888       -141654014.58736593       -276.10074704885483        283307753.07398480     
          12           1   141653738.48750421       -141654014.58736593       -276.09986171126366        283307753.07487011     
          13           1   141653738.48838955       -141654014.58736593       -276.09897637367249        283307753.07575548     
          14           1   141653738.48927489       -141654014.58736593       -276.09809103608131        283307753.07664084     
          15           1   141653738.49016023       -141654014.58736593       -276.09720569849014        283307753.07752615     
          16           1   141653738.49104556       -141654014.58736593       -276.09632036089897        283307753.07841146     
          17           1   141653738.49193090       -141654014.58736593       -276.09543502330780        283307753.07929683     
          18           1   141653738.49281624       -141654014.58736593       -276.09454968571663        283307753.08018219     
          19           1   141653738.49370158       -141654014.58736593       -276.09366434812546        283307753.08106750     
          20           1   141653738.49458691       -141654014.58736593       -276.09277901053429        283307753.08195281     
          21           1   141653738.49547225       -141654014.58736593       -276.09189367294312        283307753.08283818     
          22           1   141653738.49635759       -141654014.58736593       -276.09100833535194        283307753.08372355     
          23           1   141653738.49724293       -141654014.58736593       -276.09012299776077        283307753.08460885     
          24           1   141653738.49812827       -141654014.58736593       -276.08923766016960        283307753.08549416     
          25           1   141653738.49901360       -141654014.58736593       -276.08835232257843        283307753.08637953     
          26           1   141653738.49989894       -141654014.58736593       -276.08746698498726        283307753.08726490     
          27           1   141653738.50078428       -141654014.58736593       -276.08658164739609        283307753.08815020     
          28           1   141653738.50166962       -141654014.58736593       -276.08569630980492        283307753.08903551     
          29           1   141653738.50255495       -141654014.58736593       -276.08481097221375        283307753.08992088     
          30           1   141653738.50344029       -141654014.58736593       -276.08392563462257        283307753.09080625     
          31           1   141653738.50432563       -141654014.58736593       -276.08304029703140        283307753.09169155     
          32           1   141653738.50521097       -141654014.58736593       -276.08215495944023        283307753.09257686     
          33           1   141653738.50609630       -141654014.58736593       -276.08126962184906        283307753.09346223     
          34           1   141653738.50698164       -141654014.58736593       -276.08038428425789        283307753.09434760     
          35           1   141653738.50786698       -141654014.58736593       -276.07949894666672        283307753.09523290     
          36           1   141653738.50875232       -141654014.58736593       -276.07861360907555        283307753.09611821     
          37           1   141653738.50963765       -141654014.58736593       -276.07772827148438        283307753.09700358     
          38           1   141653738.51052299       -141654014.58736593       -276.07684293389320        283307753.09788895     
          39           1   141653738.51140833       -141654014.58736593       -276.07595759630203        283307753.09877425     
          40           1   141653738.51229367       -141654014.58736593       -276.07507225871086        283307753.09965956     
          41           1   141653738.51317900       -141654014.58736593       -276.07418692111969        283307753.10054493     
          42           1   141653738.51406434       -141654014.58736593       -276.07330158352852        283307753.10143030     
          43           1   141653738.51494968       -141654014.58736593       -276.07241624593735        283307753.10231560     
          44           1   141653738.51583502       -141654014.58736593       -276.07153090834618        283307753.10320091     
          45           1   141653738.51672035       -141654014.58736593       -276.07064557075500        283307753.10408628     
          46           1   141653738.51760569       -141654014.58736593       -276.06976023316383        283307753.10497165     
          47           1   141653738.51849103       -141654014.58736593       -276.06887489557266        283307753.10585696     
          48           1   141653738.51937637       -141654014.58736593       -276.06798955798149        283307753.10674226     
          49           1   141653738.52026170       -141654014.58736593       -276.06710422039032        283307753.10762763     
          50           1   141653738.52114704       -141654014.58736593       -276.06621888279915        283307753.10851300     
          51           1   141653738.52203238       -141654014.58736593       -276.06533354520798        283307753.10939831     
          52           1   141653738.52291772       -141654014.58736593       -276.06444820761681        283307753.11028361     
          53           1   141653738.52380306       -141654014.58736593       -276.06356287002563        283307753.11116898     
          54           1   141653738.52468839       -141654014.58736593       -276.06267753243446        283307753.11205435     
          55           1   141653738.52557373       -141654014.58736593       -276.06179219484329        283307753.11293966     
          56           1   141653738.52645907       -141654014.58736593       -276.06090685725212        283307753.11382496     
          57           1   141653738.52734441       -141654014.58736593       -276.06002151966095        283307753.11471033     
          58           1   141653738.52822974       -141654014.58736593       -276.05913618206978        283307753.11559570     
          59           1   141653738.52911508       -141654014.58736593       -276.05825084447861        283307753.11648101     
          60           1   141653738.53000042       -141654014.58736593       -276.05736550688744        283307753.11736631     
          61           1   141653738.53088576       -141654014.58736593       -276.05648016929626        283307753.11825168     
          62           1   141653738.53177109       -141654014.58736593       -276.05559483170509        283307753.11913705     
          63           1   141653738.53265643       -141654014.58736593       -276.05470949411392        283307753.12002236     
          64           1   141653738.53354177       -141654014.58736593       -276.05382415652275        283307753.12090766     
          65           1   141653738.53442711       -141654014.58736593       -276.05293881893158        283307753.12179303     
          66           1   141653738.53531244       -141654014.58736593       -276.05205348134041        283307753.12267840     
          67           1   141653738.53619778       -141654014.58736593       -276.05116814374924        283307753.12356371     
          68           1   141653738.53708312       -141654014.58736593       -276.05028280615807        283307753.12444901     
          69           1   141653738.53796846       -141654014.58736593       -276.04939746856689        283307753.12533438     
          70           1   141653738.53885379       -141654014.58736593       -276.04851213097572        283307753.12621975     
          71           1   141653738.53973913       -141654014.58736593       -276.04762679338455        283307753.12710506     
          72           1   141653738.54062447       -141654014.58736593       -276.04674145579338        283307753.12799037     
          73           1   141653738.54150981       -141654014.58736593       -276.04585611820221        283307753.12887573     
          74           1   141653738.54239514       -141654014.58736593       -276.04497078061104        283307753.12976110     
          75           1   141653738.54328048       -141654014.58736593       -276.04408544301987        283307753.13064641     
          76           1   141653738.54416582       -141654014.58736593       -276.04320010542870        283307753.13153172     
          77           1   141653738.54505116       -141654014.58736593       -276.04231476783752        283307753.13241708     
          78           1   141653738.54593650       -141654014.58736593       -276.04142943024635        283307753.13330245     
          79           1   141653738.54682183       -141654014.58736593       -276.04054409265518        283307753.13418776     
          80           1   141653738.54770717       -141654014.58736593       -276.03965875506401        283307753.13507307     
          81           1   141653738.54859251       -141654014.58736593       -276.03877341747284        283307753.13595843     
          82           1   141653738.54947785       -141654014.58736593       -276.03788807988167        283307753.13684380     
          83           1   141653738.55036318       -141654014.58736593       -276.03700274229050        283307753.13772911     
          84           1   141653738.55124852       -141654014.58736593       -276.03611740469933        283307753.13861442     
          85           1   141653738.55213386       -141654014.58736593       -276.03523206710815        283307753.13949978     
          86           1   141653738.55301920       -141654014.58736593       -276.03434672951698        283307753.14038515     
          87           1   141653738.55390453       -141654014.58736593       -276.03346139192581        283307753.14127046     
          88           1   141653738.55478987       -141654014.58736593       -276.03257605433464        283307753.14215577     
          89           1   141653738.55567521       -141654014.58736593       -276.03169071674347        283307753.14304113     
          90           1   141653738.55656055       -141654014.58736593       -276.03080537915230        283307753.14392650     
          91           1   141653738.55744588       -141654014.58736593       -276.02992004156113        283307753.14481181     
          92           1   141653738.55833122       -141654014.58736593       -276.02903470396996        283307753.14569712     
          93           1   141653738.55921656       -141654014.58736593       -276.02814936637878        283307753.14658248     
          94           1   141653738.56010190       -141654014.58736593       -276.02726402878761        283307753.14746785     
          95           1   141653738.56098723       -141654014.58736593       -276.02637869119644        283307753.14835316     
          96           1   141653738.56187257       -141654014.58736593       -276.02549335360527        283307753.14923847     
          97           1   141653738.56275791       -141654014.58736593       -276.02460801601410        283307753.15012383     
          98           1   141653738.56364325       -141654014.58736593       -276.02372267842293        283307753.15100920     
          99           1   141653738.56452858       -141654014.58736593       -276.02283734083176        283307753.15189451     
         100           1   141653738.56541392       -141654014.58736593       -276.02195200324059        283307753.15277982     
         101           1   141653738.56629926       -141654014.58736593       -276.02106666564941        283307753.15366518     
         102           1   141653738.56718460       -141654014.58736593       -276.02018132805824        283307753.15455055     
         103           1   141653738.56806993       -141654014.58736593       -276.01929599046707        283307753.15543586     
         104           1   141653738.56895527       -141654014.58736593       -276.01841065287590        283307753.15632117     
         105           1   141653738.56984061       -141654014.58736593       -276.01752531528473        283307753.15720654     
         106           1   141653738.57072595       -141654014.58736593       -276.01663997769356        283307753.15809190     
         107           1   141653738.57161129       -141654014.58736593       -276.01575464010239        283307753.15897721     
         108           1   141653738.57249662       -141654014.58736593       -276.01486930251122        283307753.15986252     
         109           1   141653738.57338196       -141654014.58736593       -276.01398396492004        283307753.16074789     
         110           1   141653738.57426730       -141654014.58736593       -276.01309862732887        283307753.16163325     
         111           1   141653738.57515264       -141654014.58736593       -276.01221328973770        283307753.16251856     
         112           1   141653738.57603797       -141654014.58736593       -276.01132795214653        283307753.16340387     
         113           1   141653738.57692331       -141654014.58736593       -276.01044261455536        283307753.16428924     
         114           1   141653738.57780865       -141654014.58736593       -276.00955727696419        283307753.16517460     
         115           1   141653738.57869399       -141654014.58736593       -276.00867193937302        283307753.16605991     
         116           1   141653738.57957932       -141654014.58736593       -276.00778660178185        283307753.16694522     
         117           1   141653738.58046466       -141654014.58736593       -276.00690126419067        283307753.16783059     
         118           1   141653738.58135000       -141654014.58736593       -276.00601592659950        283307753.16871595     
         119           1   141653738.58223534       -141654014.58736593       -276.00513058900833        283307753.16960126     
         120           1   141653738.58312067       -141654014.58736593       -276.00424525141716        283307753.17048657     
         121           1   141653738.58400601       -141654014.58736593       -276.00335991382599        283307753.17137194     
         122           1   141653738.58489135       -141654014.58736593       -276.00247457623482        283307753.17225730     
         123           1   141653738.58577669       -141654014.58736593       -276.00158923864365        283307753.17314261     
         124           1   141653738.58666202       -141654014.58736593       -276.00070390105247        283307753.17402792     
         125           1   141653738.58754736       -141654014.58736593       -275.99981856346130        283307753.17491329     
         126           1   141653738.58843270       -141654014.58736593       -275.99893322587013        283307753.17579865     
         127           1   141653738.58931804       -141654014.58736593       -275.99804788827896        283307753.17668396     
         128           1   141653738.59020337       -141654014.58736593       -275.99716255068779        283307753.17756927     
         129           1   141653738.59108871       -141654014.58736593       -275.99627721309662        283307753.17845464     
         130           1   141653738.59197405       -141654014.58736593       -275.99539187550545        283307753.17934000     
         131           1   141653738.59285939       -141654014.58736593       -275.99450653791428        283307753.18022531     
         132           1   141653738.59374472       -141654014.58736593       -275.99362120032310        283307753.18111062     
         133           1   141653738.59463006       -141654014.58736593       -275.99273586273193        283307753.18199599     
         134           1   141653738.59551540       -141654014.58736593       -275.99185052514076        283307753.18288136     
         135           1   141653738.59640074       -141654014.58736593       -275.99096518754959        283307753.18376666     
         136           1   141653738.59728608       -141654014.58736593       -275.99007984995842        283307753.18465197     
         137           1   141653738.59817141       -141654014.58736593       -275.98919451236725        283307753.18553734     
         138           1   141653738.59905675       -141654014.58736593       -275.98830917477608        283307753.18642271     
         139           1   141653738.59994209       -141654014.58736593       -275.98742383718491        283307753.18730801     
         140           1   141653738.60082743       -141654014.58736593       -275.98653849959373        283307753.18819332     
         141           1   141653738.60171276       -141654014.58736593       -275.98565316200256        283307753.18907869     
         142           1   141653738.60259810       -141654014.58736593       -275.98476782441139        283307753.18996406     
         143           1   141653738.60348344       -141654014.58736593       -275.98388248682022        283307753.19084936     
         144           1   141653738.60436878       -141654014.58736593       -275.98299714922905        283307753.19173467     
         145           1   141653738.60525411       -141654014.58736593       -275.98211181163788        283307753.19262004     
         146           1   141653738.60613945       -141654014.58736593       -275.98122647404671        283307753.19350541     
         147           1   141653738.60702479       -141654014.58736593       -275.98034113645554        283307753.19439071     
         148           1   141653738.60791013       -141654014.58736593       -275.97945579886436        283307753.19527602     
         149           1   141653738.60879546       -141654014.58736593       -275.97857046127319        283307753.19616139     
         150           1   141653738.60968080       -141654014.58736593       -275.97768512368202        283307753.19704676     
         151           1   141653738.61056614       -141654014.58736593       -275.97679978609085        283307753.19793206     
         152           1   141653738.61145148       -141654014.58736593       -275.97591444849968        283307753.19881737     
         153           1   141653738.61233681       -141654014.58736593       -275.97502911090851        283307753.19970274     
         154           1   141653738.61322215       -141654014.58736593       -275.97414377331734        283307753.20058811     
         155           1   141653738.61410749       -141654014.58736593       -275.97325843572617        283307753.20147341     
         156           1   141653738.61499283       -141654014.58736593       -275.97237309813499        283307753.20235872     
         157           1   141653738.61587816       -141654014.58736593       -275.97148776054382        283307753.20324409     
         158           1   141653738.61676350       -141654014.58736593       -275.97060242295265        283307753.20412946     
         159           1   141653738.61764884       -141654014.58736593       -275.96971708536148        283307753.20501477     
         160           1   141653738.61853418       -141654014.58736593       -275.96883174777031        283307753.20590007     
         161           1   141653738.61941952       -141654014.58736593       -275.96794641017914        283307753.20678544     
         162           1   141653738.62030485       -141654014.58736593       -275.96706107258797        283307753.20767081     
         163           1   141653738.62119019       -141654014.58736593       -275.96617573499680        283307753.20855612     
         164           1   141653738.62207553       -141654014.58736593       -275.96529039740562        283307753.20944142     
         165           1   141653738.62296087       -141654014.58736593       -275.96440505981445        283307753.21032679     
         166           1   141653738.62384620       -141654014.58736593       -275.96351972222328        283307753.21121216     
         167           1   141653738.62473154       -141654014.58736593       -275.96263438463211        283307753.21209747     
         168           1   141653738.62561688       -141654014.58736593       -275.96174904704094        283307753.21298277     
         169           1   141653738.62650222       -141654014.58736593       -275.96086370944977        283307753.21386814     
         170           1   141653738.62738755       -141654014.58736593       -275.95997837185860        283307753.21475351     
         171           1   141653738.62827289       -141654014.58736593       -275.95909303426743        283307753.21563882     
         172           1   141653738.62915823       -141654014.58736593       -275.95820769667625        283307753.21652412     
         173           1   141653738.63004357       -141654014.58736593       -275.95732235908508        283307753.21740949     
         174           1   141653738.63092890       -141654014.58736593       -275.95643702149391        283307753.21829486     
         175           1   141653738.63181424       -141654014.58736593       -275.95555168390274        283307753.21918017     
         176           1   141653738.63269958       -141654014.58736593       -275.95466634631157        283307753.22006547     
         177           1   141653738.63358492       -141654014.58736593       -275.95378100872040        283307753.22095084     
         178           1   141653738.63447025       -141654014.58736593       -275.95289567112923        283307753.22183621     
         179           1   141653738.63535559       -141654014.58736593       -275.95201033353806        283307753.22272152     
         180           1   141653738.63624093       -141654014.58736593       -275.95112499594688        283307753.22360682     
         181           1   141653738.63712627       -141654014.58736593       -275.95023965835571        283307753.22449219     
         182           1   141653738.63801160       -141654014.58736593       -275.94935432076454        283307753.22537756     
         183           1   141653738.63889694       -141654014.58736593       -275.94846898317337        283307753.22626287     
         184           1   141653738.63978228       -141654014.58736593       -275.94758364558220        283307753.22714818     
         185           1   141653738.64066762       -141654014.58736593       -275.94669830799103        283307753.22803354     
         186           1   141653738.64155295       -141654014.58736593       -275.94581297039986        283307753.22891891     
         187           1   141653738.64243829       -141654014.58736593       -275.94492763280869        283307753.22980422     
         188           1   141653738.64332363       -141654014.58736593       -275.94404229521751        283307753.23068953     
         189           1   141653738.64420897       -141654014.58736593       -275.94315695762634        283307753.23157489     
         190           1   141653738.64509431       -141654014.58736593       -275.94227162003517        283307753.23246026     
         191           1   141653738.64597964       -141654014.58736593       -275.94138628244400        283307753.23334557     
         192           1   141653738.64686498       -141654014.58736593       -275.94050094485283        283307753.23423088     
         193           1   141653738.64775032       -141654014.58736593       -275.93961560726166        283307753.23511624     
         194           1   141653738.64863566       -141654014.58736593       -275.93873026967049        283307753.23600161     
         195           1   141653738.64952099       -141654014.58736593       -275.93784493207932        283307753.23688692     
         196           1   141653738.65040633       -141654014.58736593       -275.93695959448814        283307753.23777223     
         197           1   141653738.65129167       -141654014.58736593       -275.93607425689697        283307753.23865759     
         198           1   141653738.65217701       -141654014.58736593       -275.93518891930580        283307753.23954296     
         199           1   141653738.65306234       -141654014.58736593       -275.93430358171463        283307753.24042827     
         200           1   141653738.65394768       -141654014.58736593       -275.93341824412346        283307753.24131358     
         201           1   141653738.65483302       -141654014.58736593       -275.93253290653229        283307753.24219894     
         202           1   141653738.65571836       -141654014.58736593       -275.93164756894112        283307753.24308431     
         203           1   141653738.65660369       -141654014.58736593       -275.93076223134995        283307753.24396962     
         204           1   141653738.65748903       -141654014.58736593       -275.92987689375877        283307753.24485493     
         205           1   141653738.65837437       -141654014.58736593       -275.92899155616760        283307753.24574029     
         206           1   141653738.65925971       -141654014.58736593       -275.92810621857643        283307753.24662566     
         207           1   141653738.66014504       -141654014.58736593       -275.92722088098526        283307753.24751097     
         208           1   141653738.66103038       -141654014.58736593       -275.92633554339409        283307753.24839628     
         209           1   141653738.66191572       -141654014.58736593       -275.92545020580292        283307753.24928164     
         210           1   141653738.66280106       -141654014.58736593       -275.92456486821175        283307753.25016701     
         211           1   141653738.66368639       -141654014.58736593       -275.92367953062057        283307753.25105232     
         212           1   141653738.66457173       -141654014.58736593       -275.92279419302940        283307753.25193763     
         213           1   141653738.66545707       -141654014.58736593       -275.92190885543823        283307753.25282300     
         214           1   141653738.66634241       -141654014.58736593       -275.92102351784706        283307753.25370836     
         215           1   141653738.66722775       -141654014.58736593       -275.92013818025589        283307753.25459367     
         216           1   141653738.66811308       -141654014.58736593       -275.91925284266472        283307753.25547898     
         217           1   141653738.66899842       -141654014.58736593       -275.91836750507355        283307753.25636435     
         218           1   141653738.66988376       -141654014.58736593       -275.91748216748238        283307753.25724971     
         219           1   141653738.67076910       -141654014.58736593       -275.91659682989120        283307753.25813502     
         220           1   141653738.67165443       -141654014.58736593       -275.91571149230003        283307753.25902033     
         221           1   141653738.67253977       -141654014.58736593       -275.91482615470886        283307753.25990570     
         222           1   141653738.67342511       -141654014.58736593       -275.91394081711769        283307753.26079106     
         223           1   141653738.67431045       -141654014.58736593       -275.91305547952652        283307753.26167637     
         224           1   141653738.67519578       -141654014.58736593       -275.91217014193535        283307753.26256168     
         225           1   141653738.67608112       -141654014.58736593       -275.91128480434418        283307753.26344705     
         226           1   141653738.67696646       -141654014.58736593       -275.91039946675301        283307753.26433241     
         227           1   141653738.67785180       -141654014.58736593       -275.90951412916183        283307753.26521772     
         228           1   141653738.67873713       -141654014.58736593       -275.90862879157066        283307753.26610303     
         229           1   141653738.67962247       -141654014.58736593       -275.90774345397949        283307753.26698840     
         230           1   141653738.68050781       -141654014.58736593       -275.90685811638832        283307753.26787376     
         231           1   141653738.68139315       -141654014.58736593       -275.90597277879715        283307753.26875907     
         232           1   141653738.68227848       -141654014.58736593       -275.90508744120598        283307753.26964438     
         233           1   141653738.68316382       -141654014.58736593       -275.90420210361481        283307753.27052975     
         234           1   141653738.68404916       -141654014.58736593       -275.90331676602364        283307753.27141511     
         235           1   141653738.68493450       -141654014.58736593       -275.90243142843246        283307753.27230042     
         236           1   141653738.68581983       -141654014.58736593       -275.90154609084129        283307753.27318573     
         237           1   141653738.68670517       -141654014.58736593       -275.90066075325012        283307753.27407110     
         238           1   141653738.68759051       -141654014.58736593       -275.89977541565895        283307753.27495646     
         239           1   141653738.68847585       -142415682.47473550       -761943.78625965118        284069421.16321135     
         240           1   141653738.68936118       -139714558.91923490        1939179.7701262832        281368297.60859609     
         241           1   141653738.69024652       -149466117.22306541       -7812378.5328188837        291119855.91331196     
         242           1   141653738.69141749       -154058441.99878499       -12404703.307367504        295712180.69020247     
         243           1   141653738.69386053       -149888832.35826638       -8235093.6644058526        291542571.05212688     
         244           1   141653738.69956893       -150127252.61812600       -8473513.9185570776        291780991.31769490     
         245           1   141653738.71276274       -149848640.68588245       -8194901.9731197059        291502379.39864516     
         246           1   141653738.74292761       -149615259.31643352       -7961520.5735059083        291268998.05936110     
         247           1   141653738.81114662       -149386267.72975674       -7732528.9186101258        291040006.54090333     
         248           1   141653738.96375644       -149161776.83774263       -7508037.8739861846        290815515.80149907     
         249           1   141653739.30145812       -148941635.04883137       -7287895.7473732531        290595374.35028946     
         250           1   141653740.04065028       -148725731.31747705       -7071991.2768267691        290379471.35812736     
         251           1   141653741.64114788       -148513966.89961693       -6860225.2584690452        290167708.54076481     
         252           1   141653745.06903294       -148306245.29870531       -6652500.2296723723        289959990.36773825     
         253           1   141653752.33128095       -148102477.45349029       -6448725.1222093403        289756229.78477120     
         254           1   141653767.55040094       -147902580.04030535       -6248812.4899044037        289556347.59070629     
         255           1   141653799.09911737       -147706474.69967049       -6052675.6005531251        289360273.79878783     
         256           1   141653863.79067063       -147514087.23532677       -5860223.4446561337        289167951.02599740     
         257           1   141653995.00680512       -147325348.06434393       -5671353.0575388074        288979343.07114905     
         258           1   141654258.27641127       -147140191.94101670       -5485933.6646054387        288794450.21742797     
         259           1   141654780.77856100       -146958557.80148214       -5303777.0229211450        288613338.58004314     
         260           1   141655806.54709071       -146780388.66545320       -5124582.1183624864        288436195.21254390     
         261           1   141657798.52566451       -146605631.80809757       -4947833.2824330628        288263430.33376205     
         262           1   141661624.95813602       -146434238.93026122       -4772613.9721252024        288095863.88839722     
         263           1   141668895.68255910       -146266166.67268980       -4597270.9901306927        287935062.35524893     
         264           1   141682561.50512558       -146101377.51512629       -4418816.0100007057        287783939.02025187     
         265           1   141707969.40082493       -145939841.18448329       -4231871.7836583555        287647810.58530819     
         266           1   141754697.38594672       -145781536.56231049       -4026839.1763637662        287536233.94825721     
         267           1   141839705.79267970       -145626453.40414110       -3786747.6114614010        287466159.19682080     
         268           1   141992682.35194823       -145474590.95637310       -3481908.6044248641        287467273.30832136     
         269           1   142264995.71611297       -145325943.67815575       -3060947.9620427787        287590939.39426875     
         270           1   142744506.89317834       -145180444.34509578       -2435937.4519174397        287924951.23827410     
         271           1   143579766.64919078       -145037779.27884853       -1458012.6296577454        288617545.92803931     
         272           1   145019056.76281688       -144896840.85592446        122215.90689241886        289915897.61874133     
         273           1   147472600.07215086       -144754192.65751520        2718407.4146356583        292226792.72966605     
         274           1   151610431.54172438       -144599943.56596401        7010487.9757603705        296210375.10768843     
         275           1   158514214.38826075       -144407076.05458763        14107138.333673120        302921290.44284838     
         276           1   169908350.80517817       -144104962.65120232        25803388.153975844        314013313.45638049     
         277           1   188500341.23786810       -143516873.68354699        44983467.554321110        332017214.92141509     
         278           1   218445298.54614896       -142222195.36365762        76223103.182491332        360667493.90980661     
         279           1   265851499.80390057       -139281197.06053740        126570302.74336317        405132696.86443794     
         280           1   338868441.60530031       -132763580.94989643        206104860.65540388        471632022.55519676     
         281           1   445806438.40744823       -119155794.89801858        326650643.50942963        564962233.30546677     
         282           1   587685226.41884983       -93543528.811332285        494141697.60751754        681228755.23018217     
         283           1   742366448.16490662       -55109761.096143059        687256687.06876361        797476209.26104963     
         284           1   857465831.79102218       -19195362.868517932        838270468.92250431        876661194.65954006     
         285           1   900844218.60404003       -2734060.3230996062        898110158.28094041        903578278.92713964     
         286           1   906979630.91232908       -8497.9646090393817        906971132.94772005        906988128.87693810     
         287           1   907256138.88622141       -4633.4372159377663        907251505.44900548        907260772.32343733     
         288           1   907259891.91671968       -2454.2347786003634        907257437.68194103        907262346.15149832     
         289           1   907259907.05136895       -89.341541042590833        907259817.70982790        907259996.39291000     
         290           1   907259907.06950259      -0.77550776819033951        907259906.29399478        907259907.84501040     
         291           1   907259907.06950903       -1.8690943956444898E-003   907259907.06763995        907259907.07137811     
         292           1   907259907.06950903       -1.3085460302864108E-006   907259907.06950772        907259907.06951034     
         293           1   907259907.06950891       -9.0053844246083244E-011   907259907.06950891        907259907.06950891     
         294           1   907259907.06950891       -0.0000000000000000        907259907.06950891        907259907.06950891     
         295           1   907259907.06950891       -6.1425202711151727E-011   907259907.06950891        907259907.06950891     
         296           1   907259907.06950903       -3.7414401663246861E-011   907259907.06950903        907259907.06950903     
         297           1   907259907.06950903        6.0749623566797798E-012   907259907.06950903        907259907.06950903     
         298           1   907259907.06950903       -7.0439200934932044E-012   907259907.06950903        907259907.06950903     
         299           1   907259907.06950903        2.0716137618108525E-011   907259907.06950903        907259907.06950903     
         300           1   907259907.06950879        1.4556788398733401E-013   907259907.06950879        907259907.06950879     
         301           1   907259907.06950903       -9.2911336653891342E-012   907259907.06950903        907259907.06950903     
         302           1   907259907.06950903        3.8885504075910250E-012   907259907.06950903        907259907.06950903     
         303           1   907259907.06950891       -4.1429659502524596E-014   907259907.06950891        907259907.06950891     
         304           1   907259907.06950903       -1.5331033747301670E-012   907259907.06950903        907259907.06950903     
         305           1   907259907.06950903        1.0728833611530106E-012   907259907.06950903        907259907.06950903     
         306           1   907259907.06950891       -0.0000000000000000        907259907.06950891        907259907.06950891     
         307           1   907259907.06950903       -5.5998167617983336E-013   907259907.06950903        907259907.06950903     
         308           1   907259907.06950903        4.2549387170098900E-013   907259907.06950903        907259907.06950903     
         309           1   907259907.06950891       -5.8969322074850312E-014   907259907.06950891        907259907.06950891     
         310           1   907259907.06950903       -0.0000000000000000        907259907.06950903        907259907.06950903     
         311           1   907259907.06950891        3.2900107321304577E-014   907259907.06950891        907259907.06950891     
         312           1   907259907.06950903       -1.3379423039353030E-013   907259907.06950903        907259907.06950903     
         313           1   907259907.06950903        2.4712487467892926E-015   907259907.06950903        907259907.06950903     
         314           1   907259907.06950903        7.3469513447262494E-014   907259907.06950903        907259907.06950903     
         315           1   907259907.06950891        8.1999787814667396E-014   907259907.06950891        907259907.06950891     
         316           1   907259907.06950891       -7.2747477026702650E-014   907259907.06950891        907259907.06950891     
         317           1   907259907.06950903       -5.2766899018897045E-014   907259907.06950903        907259907.06950903     
         318           1   907259907.06950903        9.5074149681125401E-015   907259907.06950903        907259907.06950903     
         319           1   907259907.06950903        1.0289962131663765E-014   907259907.06950903        907259907.06950903     
         320           1   907259907.06950903       -5.7265971841078011E-014   907259907.06950903        907259907.06950903     
         321           1   907259907.06950915        1.2314318284324187E-014   907259907.06950915        907259907.06950915     
         322           1   907259907.06950903       -1.1204211881950045E-014   907259907.06950903        907259907.06950903     
         323           1   907259907.06950915        4.6304829592486936E-014   907259907.06950915        907259907.06950915     
         324           1   907259907.06950891        6.3835500500184197E-014   907259907.06950891        907259907.06950891     
         325           1   907259907.06950903       -9.3807820478039189E-014   907259907.06950903        907259907.06950903     
         326           1   907259907.06950903        1.0346307843797711E-013   907259907.06950903        907259907.06950903     
         327           1   907259907.06950891       -8.3822005321660017E-014   907259907.06950891        907259907.06950891     
         328           1   907259907.06950915       -9.2361674047987127E-014   907259907.06950915        907259907.06950915     
         329           1   907259907.06950903        1.1614869109909676E-013   907259907.06950903        907259907.06950903     
         330           1   907259907.06950903        5.0544487037555899E-014   907259907.06950903        907259907.06950903     
         331           1   907259907.06950891        3.3265664069319075E-013   907259907.06950891        907259907.06950891     
         332           1   907259907.06950879       -2.0668379065800700E-013   907259907.06950879        907259907.06950879     
         333           1   907259907.06950903       -4.7765150880628753E-013   907259907.06950903        907259907.06950903     
         334           1   907259907.06950903        1.3151628761666933E-013   907259907.06950903        907259907.06950903     
         335           1   907259907.06950903       -3.1110093121101857E-014   907259907.06950903        907259907.06950903     
         336           1   907259907.06950903        1.4201642135959223E-013   907259907.06950903        907259907.06950903     
         337           1   907259907.06950903       -1.0728833611530106E-012   907259907.06950903        907259907.06950903     
         338           1   907259907.06950915        1.2775861456084725E-012   907259907.06950915        907259907.06950915     
         339           1   907259907.06950891        1.9057643371161311E-012   907259907.06950891        907259907.06950891     
         340           1   907259907.06950903       -3.8268273852483100E-012   907259907.06950903        907259907.06950903     
         341           1   907259907.06950903        4.2232425751768797E-012   907259907.06950903        907259907.06950903     
         342           1   907259907.06950891        7.5695299673413677E-012   907259907.06950891        907259907.06950891     
         343           1   907259907.06950891       -1.9104882470033416E-011   907259907.06950891        907259907.06950891     
         344           1   907259907.06950915       -2.3356156099477469E-011   907259907.06950915        907259907.06950915     
         345           1   907259907.06950915       -2.1262368248379231E-011   907259907.06950915        907259907.06950915     
         346           1   907259907.06950927        1.8201600809147121E-011   907259907.06950927        907259907.06950927     
         347           1   907259907.06950903        2.7811966783104816E-010   907259907.06950903        907259907.06950903     
         348           1   907259907.06950879        7.8589162928156325E-011   907259907.06950879        907259907.06950879     
         349           1   907259907.06950891       -1.1506880098110635E-010   907259907.06950891        907259907.06950891     
         350           1   907259907.06950903        1.3080800699598931E-006   907259907.06951034        907259907.06950772     
         351           1   907259907.06950915        1.8691010845868195E-003   907259907.07137823        907259907.06764007     
         352           1   907259907.06950235       0.77550992186232914        907259907.84501231        907259906.29399240     
         353           1   907259907.05136907        89.341789176792460        907259996.39315820        907259817.70957994     
         354           1   907259891.91667771        2454.2415950857412        907262346.15827274        907257437.67508268     
         355           1   907256138.87575555        4633.4500850156919        907260772.32584059        907251505.42567050     
         356           1   906979630.13388002        8497.9882115918299        906988128.12209165        906971132.14566839     
         357           1   900844200.78487599        2734067.9167771516        903578268.70165312        898110132.86809886     
         358           1   857465693.49116540        19195416.182409596        876661109.67357504        838270277.30875576     
         359           1   742365990.18387938        55109914.159976900        797475904.34385633        687256076.02390242     
         360           1   587684338.82063031        93543788.622495890        681228127.44312620        494140550.19813442     
         361           1   445805156.74997663        119156125.84561171        564961282.59558833        326649030.90436494     
         362           1   338866862.93438774        132763949.69224428        471630812.62663203        206102913.24214345     
         363           1   265849718.33310595        139281583.90514684        405131302.23825276        126568134.42795911     
         364           1   218443385.40766484        142222590.37670159        360665975.78436643        76220795.030963242     
         365           1   188498344.92918181        143517272.29247725        332015617.22165906        44981072.636704564     
         366           1   169906302.85842851        144105362.89351216        314011665.75194067        25800939.964916348     
         367           1   158512134.79502651        144407477.13599801        302919611.93102455        14104657.659028500     
         368           1   151608332.77367520        144600345.18305156        296208677.95672679        7007987.5906236470     
         369           1   147470489.81153962        144754594.70301896        292225084.51455855        2715895.1085206568     
         370           1   145016939.68764618        144897243.29762444        289914182.98527062        119696.39002174139     
         371           1   143577645.57648391        145038182.11199898        288615827.68848288       -1460536.5355150700     
         372           1   142742383.50059095        145180847.57449174        287923231.07508266       -2438464.0739007890     
         373           1   142262870.99171394        145326347.31167650        287589218.30339044       -3063476.3199625611     
         374           1   141990556.87121624        145474995.00274843        287465551.87396467       -3484438.1315321922     
         375           1   141837579.88706508        145626857.87235096        287464437.75941604       -3789277.9852858782     
         376           1   141752571.24422663        145781941.46132815        287534512.70555478       -4029370.2171015143     
         377           1   141705843.12932083        145940246.52308881        287646089.65240967       -4234403.3937679827     
         378           1   141680435.16305268        146101783.30227578        287782218.46532845       -4421348.1392230988     
         379           1   141666769.30253026        146266572.91750982        287933342.22004008       -4599803.6149795651     
         380           1   141659498.55791321        146434645.64161599        288094144.19952917       -4775147.0837027729     
         381           1   141655672.11481404        146606038.99581018        288261711.11062419       -4950366.8809961379     
         382           1   141653680.13070765        146780796.33522180        288434476.46592945       -5127116.2045141459     
         383           1   141652654.35932899        146958965.96320328        288611620.32253230       -5306311.6038742959     
         384           1   141652131.85572803        147140600.62328014        288792732.47900820       -5488468.7675521076     
         385           1   141651868.58539066        147325757.24652460        288977625.83191526       -5673888.6611339450     
         386           1   141651737.36889175        147514496.91745082        289166234.28634256       -5862759.5485590696     
         387           1   141651672.67715880        147706885.01138961        289358557.68854845       -6055212.3342308104     
         388           1   141651641.12835473        147902990.90478158        289554632.03313631       -6251349.7764268517     
         389           1   141651625.90919247        148102888.47239801        289754514.38159049       -6451262.5632055402     
         390           1   141651618.64692432        148306656.57683423        289958275.22375858       -6655037.9299099147     
         391           1   141651615.21902975        148514378.76849046        290165993.98752022       -6862763.5494607091     
         392           1   141651613.61852771        148726145.27319345        290377758.89172113       -7074531.6546657383     
         393           1   141651612.87933350        148942041.43538919        290593654.31472266       -7290428.5560556948     
         394           1   141651612.54163092        149162170.85662395        290813783.39825487       -7510558.3149930239     
         395           1   141651612.38902068        149386674.21380115        291038286.60282183       -7735061.8247804642     
         396           1   141651612.32080150        149615668.76009384        291267281.08089530       -7964056.4392923415     
         397           1   141651612.29063654        149849049.83271855        291500662.12335509       -8197437.5420820117     
         398           1   141651612.27744269        150127666.63877574        291779278.91621840       -8476054.3613330424     
         399           1   141651612.27173427        149890412.08229971        291542024.35403395       -8238799.8105654418     
         400           1   141651612.26929119        154058103.86191660        295709716.13120782       -12406491.592625409     
         401           1   141651612.26812026        149462620.41723856        291114232.68535882       -7811008.1491183043     
         402           1   141651612.26723492        139715274.17497221        281366886.44220710        1936338.0922627151     
         403           1   141651612.26634958        142415603.00187582        284067215.26822543       -763990.73552623391     
         404           1   141651612.26546425        141654014.58736593        283305626.85283017       -2402.3219016790390     
         405           1   141651612.26457891        141654014.58736593        283305626.85194480       -2402.3227870166302     
         406           1   141651612.26369357        141654014.58736593        283305626.85105950       -2402.3236723542213     
         407           1   141651612.26280823        141654014.58736593        283305626.85017419       -2402.3245576918125     
         408           1   141651612.26192290        141654014.58736593        283305626.84928882       -2402.3254430294037     
         409           1   141651612.26103756        141654014.58736593        283305626.84840345       -2402.3263283669949     
         410           1   141651612.26015222        141654014.58736593        283305626.84751815       -2402.3272137045860     
         411           1   141651612.25926688        141654014.58736593        283305626.84663284       -2402.3280990421772     
         412           1   141651612.25838155        141654014.58736593        283305626.84574747       -2402.3289843797684     
         413           1   141651612.25749621        141654014.58736593        283305626.84486210       -2402.3298697173595     
         414           1   141651612.25661087        141654014.58736593        283305626.84397680       -2402.3307550549507     
         415           1   141651612.25572553        141654014.58736593        283305626.84309149       -2402.3316403925419     
         416           1   141651612.25484020        141654014.58736593        283305626.84220612       -2402.3325257301331     
         417           1   141651612.25395486        141654014.58736593        283305626.84132075       -2402.3334110677242     
         418           1   141651612.25306952        141654014.58736593        283305626.84043545       -2402.3342964053154     
         419           1   141651612.25218418        141654014.58736593        283305626.83955014       -2402.3351817429066     
         420           1   141651612.25129884        141654014.58736593        283305626.83866477       -2402.3360670804977     
         421           1   141651612.25041351        141654014.58736593        283305626.83777940       -2402.3369524180889     
         422           1   141651612.24952817        141654014.58736593        283305626.83689409       -2402.3378377556801     
         423           1   141651612.24864283        141654014.58736593        283305626.83600879       -2402.3387230932713     
         424           1   141651612.24775749        141654014.58736593        283305626.83512342       -2402.3396084308624     
         425           1   141651612.24687216        141654014.58736593        283305626.83423805       -2402.3404937684536     
         426           1   141651612.24598682        141654014.58736593        283305626.83335274       -2402.3413791060448     
         427           1   141651612.24510148        141654014.58736593        283305626.83246744       -2402.3422644436359     
         428           1   141651612.24421614        141654014.58736593        283305626.83158207       -2402.3431497812271     
         429           1   141651612.24333081        141654014.58736593        283305626.83069670       -2402.3440351188183     
         430           1   141651612.24244547        141654014.58736593        283305626.82981139       -2402.3449204564095     
         431           1   141651612.24156013        141654014.58736593        283305626.82892609       -2402.3458057940006     
         432           1   141651612.24067479        141654014.58736593        283305626.82804072       -2402.3466911315918     
         433           1   141651612.23978946        141654014.58736593        283305626.82715535       -2402.3475764691830     
         434           1   141651612.23890412        141654014.58736593        283305626.82627004       -2402.3484618067741     
         435           1   141651612.23801878        141654014.58736593        283305626.82538474       -2402.3493471443653     
         436           1   141651612.23713344        141654014.58736593        283305626.82449937       -2402.3502324819565     
         437           1   141651612.23624811        141654014.58736593        283305626.82361400       -2402.3511178195477     
         438           1   141651612.23536277        141654014.58736593        283305626.82272869       -2402.3520031571388     
         439           1   141651612.23447743        141654014.58736593        283305626.82184339       -2402.3528884947300     
         440           1   141651612.23359209        141654014.58736593        283305626.82095802       -2402.3537738323212     
         441           1   141651612.23270676        141654014.58736593        283305626.82007265       -2402.3546591699123     
         442           1   141651612.23182142        141654014.58736593        283305626.81918734       -2402.3555445075035     
         443           1   141651612.23093608        141654014.58736593        283305626.81830204       -2402.3564298450947     
         444           1   141651612.23005074        141654014.58736593        283305626.81741667       -2402.3573151826859     
         445           1   141651612.22916541        141654014.58736593        283305626.81653130       -2402.3582005202770     
         446           1   141651612.22828007        141654014.58736593        283305626.81564599       -2402.3590858578682     
         447           1   141651612.22739473        141654014.58736593        283305626.81476068       -2402.3599711954594     
         448           1   141651612.22650939        141654014.58736593        283305626.81387532       -2402.3608565330505     
         449           1   141651612.22562405        141654014.58736593        283305626.81298995       -2402.3617418706417     
         450           1   141651612.22473872        141654014.58736593        283305626.81210464       -2402.3626272082329     
         451           1   141651612.22385338        141654014.58736593        283305626.81121933       -2402.3635125458241     
         452           1   141651612.22296804        141654014.58736593        283305626.81033397       -2402.3643978834152     
         453           1   141651612.22208270        141654014.58736593        283305626.80944860       -2402.3652832210064     
         454           1   141651612.22119737        141654014.58736593        283305626.80856329       -2402.3661685585976     
         455           1   141651612.22031203        141654014.58736593        283305626.80767798       -2402.3670538961887     
         456           1   141651612.21942669        141654014.58736593        283305626.80679262       -2402.3679392337799     
         457           1   141651612.21854135        141654014.58736593        283305626.80590725       -2402.3688245713711     
         458           1   141651612.21765602        141654014.58736593        283305626.80502194       -2402.3697099089622     
         459           1   141651612.21677068        141654014.58736593        283305626.80413663       -2402.3705952465534     
         460           1   141651612.21588534        141654014.58736593        283305626.80325127       -2402.3714805841446     
         461           1   141651612.21500000        141654014.58736593        283305626.80236590       -2402.3723659217358     
         462           1   141651612.21411467        141654014.58736593        283305626.80148059       -2402.3732512593269     
         463           1   141651612.21322933        141654014.58736593        283305626.80059528       -2402.3741365969181     
         464           1   141651612.21234399        141654014.58736593        283305626.79970992       -2402.3750219345093     
         465           1   141651612.21145865        141654014.58736593        283305626.79882455       -2402.3759072721004     
         466           1   141651612.21057332        141654014.58736593        283305626.79793924       -2402.3767926096916     
         467           1   141651612.20968798        141654014.58736593        283305626.79705393       -2402.3776779472828     
         468           1   141651612.20880264        141654014.58736593        283305626.79616857       -2402.3785632848740     
         469           1   141651612.20791730        141654014.58736593        283305626.79528320       -2402.3794486224651     
         470           1   141651612.20703197        141654014.58736593        283305626.79439789       -2402.3803339600563     
         471           1   141651612.20614663        141654014.58736593        283305626.79351258       -2402.3812192976475     
         472           1   141651612.20526129        141654014.58736593        283305626.79262722       -2402.3821046352386     
         473           1   141651612.20437595        141654014.58736593        283305626.79174185       -2402.3829899728298     
         474           1   141651612.20349061        141654014.58736593        283305626.79085654       -2402.3838753104210     
         475           1   141651612.20260528        141654014.58736593        283305626.78997123       -2402.3847606480122     
         476           1   141651612.20171994        141654014.58736593        283305626.78908587       -2402.3856459856033     
         477           1   141651612.20083460        141654014.58736593        283305626.78820050       -2402.3865313231945     
         478           1   141651612.19994926        141654014.58736593        283305626.78731519       -2402.3874166607857     
         479           1   141651612.19906393        141654014.58736593        283305626.78642988       -2402.3883019983768     
         480           1   141651612.19817859        141654014.58736593        283305626.78554451       -2402.3891873359680     
         481           1   141651612.19729325        141654014.58736593        283305626.78465915       -2402.3900726735592     
         482           1   141651612.19640791        141654014.58736593        283305626.78377384       -2402.3909580111504     
         483           1   141651612.19552258        141654014.58736593        283305626.78288853       -2402.3918433487415     
         484           1   141651612.19463724        141654014.58736593        283305626.78200316       -2402.3927286863327     
         485           1   141651612.19375190        141654014.58736593        283305626.78111780       -2402.3936140239239     
         486           1   141651612.19286656        141654014.58736593        283305626.78023249       -2402.3944993615150     
         487           1   141651612.19198123        141654014.58736593        283305626.77934718       -2402.3953846991062     
         488           1   141651612.19109589        141654014.58736593        283305626.77846181       -2402.3962700366974     
         489           1   141651612.19021055        141654014.58736593        283305626.77757645       -2402.3971553742886     
         490           1   141651612.18932521        141654014.58736593        283305626.77669114       -2402.3980407118797     
         491           1   141651612.18843988        141654014.58736593        283305626.77580583       -2402.3989260494709     
         492           1   141651612.18755454        141654014.58736593        283305626.77492046       -2402.3998113870621     
         493           1   141651612.18666920        141654014.58736593        283305626.77403510       -2402.4006967246532     
         494           1   141651612.18578386        141654014.58736593        283305626.77314979       -2402.4015820622444     
         495           1   141651612.18489853        141654014.58736593        283305626.77226448       -2402.4024673998356     
         496           1   141651612.18401319        141654014.58736593        283305626.77137911       -2402.4033527374268     
         497           1   141651612.18312785        141654014.58736593        283305626.77049375       -2402.4042380750179     
         498           1   141651612.18224251        141654014.58736593        283305626.76960844       -2402.4051234126091     
         499           1   141651612.18135718        141654014.58736593        283305626.76872313       -2402.4060087502003     
         500           1   141651612.18047184        141654014.58736593        283305626.76783776       -2402.4068940877914     
         501           1   141651612.17958650        141654014.58736593        283305626.76695240       -2402.4077794253826     
         502           1   141651612.17870116        141654014.58736593        283305626.76606709       -2402.4086647629738     
         503           1   141651612.17781582        141654014.58736593        283305626.76518178       -2402.4095501005650     
         504           1   141651612.17693049        141654014.58736593        283305626.76429641       -2402.4104354381561     
         505           1   141651612.17604515        141654014.58736593        283305626.76341105       -2402.4113207757473     
         506           1   141651612.17515981        141654014.58736593        283305626.76252574       -2402.4122061133385     
         507           1   141651612.17427447        141654014.58736593        283305626.76164043       -2402.4130914509296     
         508           1   141651612.17338914        141654014.58736593        283305626.76075506       -2402.4139767885208     
         509           1   141651612.17250380        141654014.58736593        283305626.75986969       -2402.4148621261120     
         510           1   141651612.17161846        141654014.58736593        283305626.75898439       -2402.4157474637032     
         511           1   141651612.17073312        141654014.58736593        283305626.75809908       -2402.4166328012943     
         512           1   141651612.16984779        141654014.58736593        283305626.75721371       -2402.4175181388855     
         513           1   141651612.16896245        141654014.58736593        283305626.75632834       -2402.4184034764767     
         514           1   141651612.16807711        141654014.58736593        283305626.75544304       -2402.4192888140678     
         515           1   141651612.16719177        141654014.58736593        283305626.75455773       -2402.4201741516590     
         516           1   141651612.16630644        141654014.58736593        283305626.75367236       -2402.4210594892502     
         517           1   141651612.16542110        141654014.58736593        283305626.75278699       -2402.4219448268414     
         518           1   141651612.16453576        141654014.58736593        283305626.75190169       -2402.4228301644325     
         519           1   141651612.16365042        141654014.58736593        283305626.75101638       -2402.4237155020237     
         520           1   141651612.16276509        141654014.58736593        283305626.75013101       -2402.4246008396149     
         521           1   141651612.16187975        141654014.58736593        283305626.74924564       -2402.4254861772060     
         522           1   141651612.16099441        141654014.58736593        283305626.74836034       -2402.4263715147972     
         523           1   141651612.16010907        141654014.58736593        283305626.74747503       -2402.4272568523884     
         524           1   141651612.15922374        141654014.58736593        283305626.74658966       -2402.4281421899796     
         525           1   141651612.15833840        141654014.58736593        283305626.74570429       -2402.4290275275707     
         526           1   141651612.15745306        141654014.58736593        283305626.74481899       -2402.4299128651619     
         527           1   141651612.15656772        141654014.58736593        283305626.74393368       -2402.4307982027531     
         528           1   141651612.15568238        141654014.58736593        283305626.74304831       -2402.4316835403442     
         529           1   141651612.15479705        141654014.58736593        283305626.74216294       -2402.4325688779354     
         530           1   141651612.15391171        141654014.58736593        283305626.74127764       -2402.4334542155266     
         531           1   141651612.15302637        141654014.58736593        283305626.74039233       -2402.4343395531178     
         532           1   141651612.15214103        141654014.58736593        283305626.73950696       -2402.4352248907089     
         533           1   141651612.15125570        141654014.58736593        283305626.73862159       -2402.4361102283001     
         534           1   141651612.15037036        141654014.58736593        283305626.73773628       -2402.4369955658913     
         535           1   141651612.14948502        141654014.58736593        283305626.73685098       -2402.4378809034824     
         536           1   141651612.14859968        141654014.58736593        283305626.73596561       -2402.4387662410736     
         537           1   141651612.14771435        141654014.58736593        283305626.73508024       -2402.4396515786648     
         538           1   141651612.14682901        141654014.58736593        283305626.73419493       -2402.4405369162560     
         539           1   141651612.14594367        141654014.58736593        283305626.73330963       -2402.4414222538471     
         540           1   141651612.14505833        141654014.58736593        283305626.73242426       -2402.4423075914383     
         541           1   141651612.14417300        141654014.58736593        283305626.73153889       -2402.4431929290295     
         542           1   141651612.14328766        141654014.58736593        283305626.73065358       -2402.4440782666206     
         543           1   141651612.14240232        141654014.58736593        283305626.72976828       -2402.4449636042118     
         544           1   141651612.14151698        141654014.58736593        283305626.72888291       -2402.4458489418030     
         545           1   141651612.14063165        141654014.58736593        283305626.72799754       -2402.4467342793941     
         546           1   141651612.13974631        141654014.58736593        283305626.72711223       -2402.4476196169853     
         547           1   141651612.13886097        141654014.58736593        283305626.72622693       -2402.4485049545765     
         548           1   141651612.13797563        141654014.58736593        283305626.72534156       -2402.4493902921677     
         549           1   141651612.13709030        141654014.58736593        283305626.72445619       -2402.4502756297588     
         550           1   141651612.13620496        141654014.58736593        283305626.72357088       -2402.4511609673500     
         551           1   141651612.13531962        141654014.58736593        283305626.72268558       -2402.4520463049412     
         552           1   141651612.13443428        141654014.58736593        283305626.72180021       -2402.4529316425323     
         553           1   141651612.13354895        141654014.58736593        283305626.72091484       -2402.4538169801235     
         554           1   141651612.13266361        141654014.58736593        283305626.72002953       -2402.4547023177147     
         555           1   141651612.13177827        141654014.58736593        283305626.71914423       -2402.4555876553059     
         556           1   141651612.13089293        141654014.58736593        283305626.71825886       -2402.4564729928970     
         557           1   141651612.13000759        141654014.58736593        283305626.71737349       -2402.4573583304882     
         558           1   141651612.12912226        141654014.58736593        283305626.71648818       -2402.4582436680794     
         559           1   141651612.12823692        141654014.58736593        283305626.71560287       -2402.4591290056705     
         560           1   141651612.12735158        141654014.58736593        283305626.71471751       -2402.4600143432617     
         561           1   141651612.12646624        141654014.58736593        283305626.71383214       -2402.4608996808529     
         562           1   141651612.12558091        141654014.58736593        283305626.71294683       -2402.4617850184441     
         563           1   141651612.12469557        141654014.58736593        283305626.71206152       -2402.4626703560352     
         564           1   141651612.12381023        141654014.58736593        283305626.71117616       -2402.4635556936264     
         565           1   141651612.12292489        141654014.58736593        283305626.71029079       -2402.4644410312176     
         566           1   141651612.12203956        141654014.58736593        283305626.70940548       -2402.4653263688087     
         567           1   141651612.12115422        141654014.58736593        283305626.70852017       -2402.4662117063999     
         568           1   141651612.12026888        141654014.58736593        283305626.70763481       -2402.4670970439911     
         569           1   141651612.11938354        141654014.58736593        283305626.70674944       -2402.4679823815823     
         570           1   141651612.11849821        141654014.58736593        283305626.70586413       -2402.4688677191734     
         571           1   141651612.11761287        141654014.58736593        283305626.70497882       -2402.4697530567646     
         572           1   141651612.11672753        141654014.58736593        283305626.70409346       -2402.4706383943558     
         573           1   141651612.11584219        141654014.58736593        283305626.70320809       -2402.4715237319469     
         574           1   141651612.11495686        141654014.58736593        283305626.70232278       -2402.4724090695381     
         575           1   141651612.11407152        141654014.58736593        283305626.70143747       -2402.4732944071293     
         576           1   141651612.11318618        141654014.58736593        283305626.70055211       -2402.4741797447205     
         577           1   141651612.11230084        141654014.58736593        283305626.69966674       -2402.4750650823116     
         578           1   141651612.11141551        141654014.58736593        283305626.69878143       -2402.4759504199028     
         579           1   141651612.11053017        141654014.58736593        283305626.69789612       -2402.4768357574940     
         580           1   141651612.10964483        141654014.58736593        283305626.69701076       -2402.4777210950851     
         581           1   141651612.10875949        141654014.58736593        283305626.69612539       -2402.4786064326763     
         582           1   141651612.10787416        141654014.58736593        283305626.69524008       -2402.4794917702675     
         583           1   141651612.10698882        141654014.58736593        283305626.69435477       -2402.4803771078587     
         584           1   141651612.10610348        141654014.58736593        283305626.69346941       -2402.4812624454498     
         585           1   141651612.10521814        141654014.58736593        283305626.69258404       -2402.4821477830410     
         586           1   141651612.10433280        141654014.58736593        283305626.69169873       -2402.4830331206322     
         587           1   141651612.10344747        141654014.58736593        283305626.69081342       -2402.4839184582233     
         588           1   141651612.10256213        141654014.58736593        283305626.68992805       -2402.4848037958145     
         589           1   141651612.10167679        141654014.58736593        283305626.68904269       -2402.4856891334057     
         590           1   141651612.10079145        141654014.58736593        283305626.68815738       -2402.4865744709969     
         591           1   141651612.09990612        141654014.58736593        283305626.68727207       -2402.4874598085880     
         592           1   141651612.09902078        141654014.58736593        283305626.68638670       -2402.4883451461792     
         593           1   141651612.09813544        141654014.58736593        283305626.68550134       -2402.4892304837704     
         594           1   141651612.09725010        141654014.58736593        283305626.68461603       -2402.4901158213615     
         595           1   141651612.09636477        141654014.58736593        283305626.68373072       -2402.4910011589527     
         596           1   141651612.09547943        141654014.58736593        283305626.68284535       -2402.4918864965439     
         597           1   141651612.09459409        141654014.58736593        283305626.68195999       -2402.4927718341351     
         598           1   141651612.09370875        141654014.58736593        283305626.68107468       -2402.4936571717262     
         599           1   141651612.09282342        141654014.58736593        283305626.68018937       -2402.4945425093174     
         600           1   141651612.09193808        141654014.58736593        283305626.67930400       -2402.4954278469086     
         601           1   141651612.09105274        141654014.58736593        283305626.67841864       -2402.4963131844997     
         602           1   141651612.09016740        141654014.58736593        283305626.67753333       -2402.4971985220909     
         603           1   141651612.08928207        141654014.58736593        283305626.67664802       -2402.4980838596821     
         604           1   141651612.08839673        141654014.58736593        283305626.67576265       -2402.4989691972733     
         605           1   141651612.08751139        141654014.58736593        283305626.67487729       -2402.4998545348644     
         606           1   141651612.08662605        141654014.58736593        283305626.67399198       -2402.5007398724556     
         607           1   141651612.08574072        141654014.58736593        283305626.67310667       -2402.5016252100468     
         608           1   141651612.08485538        141654014.58736593        283305626.67222130       -2402.5025105476379     
         609           1   141651612.08397004        141654014.58736593        283305626.67133594       -2402.5033958852291     
         610           1   141651612.08308470        141654014.58736593        283305626.67045063       -2402.5042812228203     
         611           1   141651612.08219936        141654014.58736593        283305626.66956532       -2402.5051665604115     
         612           1   141651612.08131403        141654014.58736593        283305626.66867995       -2402.5060518980026     
         613           1   141651612.08042869        141654014.58736593        283305626.66779459       -2402.5069372355938     
         614           1   141651612.07954335        141654014.58736593        283305626.66690928       -2402.5078225731850     
         615           1   141651612.07865801        141654014.58736593        283305626.66602397       -2402.5087079107761     
         616           1   141651612.07777268        141654014.58736593        283305626.66513860       -2402.5095932483673     
         617           1   141651612.07688734        141654014.58736593        283305626.66425323       -2402.5104785859585     
         618           1   141651612.07600200        141654014.58736593        283305626.66336793       -2402.5113639235497     
         619           1   141651612.07511666        141654014.58736593        283305626.66248262       -2402.5122492611408     
         620           1   141651612.07423133        141654014.58736593        283305626.66159725       -2402.5131345987320     
         621           1   141651612.07334599        141654014.58736593        283305626.66071188       -2402.5140199363232     
         622           1   141651612.07246065        141654014.58736593        283305626.65982658       -2402.5149052739143     
         623           1   141651612.07157531        141654014.58736593        283305626.65894127       -2402.5157906115055     
         624           1   141651612.07068998        141654014.58736593        283305626.65805590       -2402.5166759490967     
         625           1   141651612.06980464        141654014.58736593        283305626.65717053       -2402.5175612866879     
         626           1   141651612.06891930        141654014.58736593        283305626.65628523       -2402.5184466242790     
         627           1   141651612.06803396        141654014.58736593        283305626.65539992       -2402.5193319618702     
         628           1   141651612.06714863        141654014.58736593        283305626.65451455       -2402.5202172994614     
         629           1   141651612.06626329        141654014.58736593        283305626.65362918       -2402.5211026370525     
         630           1   141651612.06537795        141654014.58736593        283305626.65274388       -2402.5219879746437     
         631           1   141651612.06449261        141654014.58736593        283305626.65185857       -2402.5228733122349     
         632           1   141651612.06360728        141654014.58736593        283305626.65097320       -2402.5237586498260     
         633           1   141651612.06272194        141654014.58736593        283305626.65008783       -2402.5246439874172     
         634           1   141651612.06183660        141654014.58736593        283305626.64920253       -2402.5255293250084     
         635           1   141651612.06095126        141654014.58736593        283305626.64831722       -2402.5264146625996     
         636           1   141651612.06006593        141654014.58736593        283305626.64743185       -2402.5273000001907     
         637           1   141651612.05918059        141654014.58736593        283305626.64654648       -2402.5281853377819     
         638           1   141651612.05829525        141654014.58736593        283305626.64566118       -2402.5290706753731     
         639           1   141651612.05740991        141654014.58736593        283305626.64477587       -2402.5299560129642     
         640           1   141651612.05652457        141654014.58736593        283305626.64389050       -2402.5308413505554     
