           1           1   219.38272834103989       -218.78571518464329       0.59701315639659924        438.16844352568319     
           2           1   219.38272834384381       -211.61459744400921        7.7681308998346026        430.99732578785301     
           3           1   219.38272834649723       -198.85578923704645        20.526939109450780        418.23851758354368     
           4           1   219.38272834900064       -187.46317058396477        31.919557765035876        406.84589893296538     
           5           1   219.38272835135359       -175.81591990519300        43.566808446160593        395.19864825654656     
           6           1   219.38272835355508       -164.07414175795694        55.308586595598143        383.45687011151199     
           7           1   219.38272835560358       -152.18457695053448        67.198151405069098        371.56730530613805     
           8           1   219.38272835749666       -140.06770944729081        79.315018910205850        359.45043780478750     
           9           1   219.38272835923075       -127.61975862342818        91.762969735802571        347.00248698265892     
          10           1   219.38272836080080       -114.72066312490198        104.66206523589882        334.10339148570279     
          11           1   219.38272836220020       -101.25581889757470        118.12690946462550        320.63854725977490     
          12           1   219.38272836342097       -87.123799195040846        132.25892916838012        306.50652755846181     
          13           1   219.38272836445395       -72.252572210572268        147.13015615388167        291.63530057502624     
          14           1   219.38272836528941       -56.625380768218569        162.75734759707083        276.00810913350796     
          15           1   219.38272836591779       -40.290621439203733        179.09210692671405        259.67334980512152     
          16           1   219.38272836633055       -23.355059577999917        196.02766878833063        242.73778794433048     
          17           1   219.38272836652092       -5.9832686728650479        213.39945969365587        225.36599703938597     
          18           1   219.38272836648457        11.615440988956866        230.99816935544143        207.76728737752771     
          19           1   219.38272836622002        29.212868251914887        248.59559661813492        190.16986011430512     
          20           1   219.38272836572878        46.582084406941576        265.96481277267037        172.80064395878719     
          21           1   219.38272836501517        63.516683239437377        282.89941160445255        155.86604512557778     
          22           1   219.38272836408595        79.852131452456007        299.23485981654198        139.53059691162994     
          23           1   219.38272836294965        95.478076138561789        314.86080450151144        123.90465222438786     
          24           1   219.38272836161585        110.34765235767134        329.73038071928715        109.03507600394451     
          25           1   219.38272836009426        124.48153530582428        343.86426366591854        94.901193054269982     
          26           1   219.38272835839402        137.94618871914332        357.32891707753731        81.436539639250697     
          27           1   219.38272835652316        150.84306270373668        370.22579106025984        68.539665652786482     
          28           1   219.38272835448825        163.29237139704844        382.67509975153666        56.090356957439809     
          29           1   219.38272835229432        175.41021128492159        394.79293963721591        43.972517067372735     
          30           1   219.38272834994498        187.29956251041168        406.68229086035666        32.083165839533308     
          31           1   219.38272834744265        198.84654111199291        418.22926945943556        20.536187235449745     
          32           1   219.38272834478889        211.65049577729104        431.03322412207990        7.7322325674978458     
          33           1   219.38272834198463        218.80659215048001        438.18932049246462       0.57613619150461659     
